<?xml version="1.0" encoding="UTF-8"?>
<!-- Generated by org.testng.reporters.JUnitReportReporter -->
<testsuite skipped="0" hostname="DESKTOP-L0EM54K" name="com.guru99.pagefiles.HomePage" tests="2" failures="0" timestamp="06 Jan 2019 17:35:56 GMT" time="25.370" errors="0">
  <testcase name="cinema" time="10.021" classname="com.guru99.pagefiles.HomePage"/>
  <testcase name="cinema2" time="15.349" classname="com.guru99.pagefiles.HomePage"/>
</testsuite> <!-- com.guru99.pagefiles.HomePage -->
