<?xml version="1.0" encoding="UTF-8"?>
<!-- Generated by org.testng.reporters.JUnitReportReporter -->
<testsuite skipped="0" hostname="DESKTOP-L0EM54K" name="com.guru99.pagefiles.HomePage" tests="2" failures="0" timestamp="06 Jan 2019 17:42:25 GMT" time="21.341" errors="0">
  <testcase name="cinema2" time="10.222" classname="com.guru99.pagefiles.HomePage"/>
  <testcase name="cinema" time="11.119" classname="com.guru99.pagefiles.HomePage"/>
</testsuite> <!-- com.guru99.pagefiles.HomePage -->
