<?xml version="1.0" encoding="UTF-8"?>
<!-- Generated by org.testng.reporters.JUnitReportReporter -->
<testsuite skipped="0" hostname="DESKTOP-L0EM54K" name="com.guru99.pagefiles.HomePage" tests="2" failures="0" timestamp="07 Jan 2019 04:13:53 GMT" time="64.948" errors="0">
  <testcase name="cinema2" time="51.136" classname="com.guru99.pagefiles.HomePage"/>
  <testcase name="cinema" time="13.812" classname="com.guru99.pagefiles.HomePage"/>
</testsuite> <!-- com.guru99.pagefiles.HomePage -->
